<?xml version="1.0" encoding="UTF-8"?>
<testsuite xmlns:xsi="http://www.w3.org/2001/XMLSchema-instance" xsi:noNamespaceSchemaLocation="https://maven.apache.org/surefire/maven-surefire-plugin/xsd/surefire-test-report.xsd" version="3.0.2" name="cp2025.CorrectnessTests" time="0.16" tests="27" errors="0" skipped="0" failures="0">
  <properties>
[...]
</properties>
  <testcase name="testBasic" classname="cp2025.CorrectnessTests" time="0.046"/>
  <testcase name="testFiles(String, String)[1]" classname="cp2025.CorrectnessTests" time="0.007"/>
  <testcase name="testFiles(String, String)[2]" classname="cp2025.CorrectnessTests" time="0.001"/>
  <testcase name="testFiles(String, String)[3]" classname="cp2025.CorrectnessTests" time="0.002"/>
  <testcase name="testFiles(String, String)[4]" classname="cp2025.CorrectnessTests" time="0.003"/>
  <testcase name="testFiles(String, String)[5]" classname="cp2025.CorrectnessTests" time="0.001"/>
  <testcase name="testFiles(String, String)[6]" classname="cp2025.CorrectnessTests" time="0.002"/>
  <testcase name="testFiles(String, String)[7]" classname="cp2025.CorrectnessTests" time="0.001"/>
  <testcase name="testFiles(String, String)[8]" classname="cp2025.CorrectnessTests" time="0.002"/>
  <testcase name="testFiles(String, String)[9]" classname="cp2025.CorrectnessTests" time="0.002"/>
  <testcase name="testFiles(String, String)[10]" classname="cp2025.CorrectnessTests" time="0.002"/>
  <testcase name="testFiles(String, String)[11]" classname="cp2025.CorrectnessTests" time="0.001"/>
  <testcase name="testFiles(String, String)[12]" classname="cp2025.CorrectnessTests" time="0.001"/>
  <testcase name="testFiles(String, String)[13]" classname="cp2025.CorrectnessTests" time="0.002"/>
  <testcase name="testFiles(String, String)[14]" classname="cp2025.CorrectnessTests" time="0.002"/>
  <testcase name="testFiles(String, String)[15]" classname="cp2025.CorrectnessTests" time="0.001"/>
  <testcase name="testFiles(String, String)[16]" classname="cp2025.CorrectnessTests" time="0.002"/>
  <testcase name="testFiles(String, String)[17]" classname="cp2025.CorrectnessTests" time="0.003"/>
  <testcase name="testFiles(String, String)[18]" classname="cp2025.CorrectnessTests" time="0.002"/>
  <testcase name="testFiles(String, String)[19]" classname="cp2025.CorrectnessTests" time="0.002"/>
  <testcase name="testFiles(String, String)[20]" classname="cp2025.CorrectnessTests" time="0.002"/>
  <testcase name="testFiles(String, String)[21]" classname="cp2025.CorrectnessTests" time="0.002"/>
  <testcase name="testFiles(String, String)[22]" classname="cp2025.CorrectnessTests" time="0.002"/>
  <testcase name="testFiles(String, String)[23]" classname="cp2025.CorrectnessTests" time="0.002"/>
  <testcase name="testFiles(String, String)[24]" classname="cp2025.CorrectnessTests" time="0.005"/>
  <testcase name="testBasicReachability" classname="cp2025.CorrectnessTests" time="0.001"/>
  <testcase name="testBasicTransitivity" classname="cp2025.CorrectnessTests" time="0.004"/>
</testsuite>